<?xml version="1.0" encoding="UTF-8"?>
<testsuite name="demo.AutomationFilledForm" tests="1" skipped="0" failures="0" errors="0" timestamp="2023-11-30T14:35:53" hostname="LAPTOP-TJF7E4NA" time="9.72">
  <properties/>
  <testcase name="automationPractice()" classname="demo.AutomationFilledForm" time="9.72"/>
  <system-out><![CDATA[]]></system-out>
  <system-err><![CDATA[[Test worker] INFO com.codeborne.selenide.impl.WebDriverThreadLocalContainer - No webdriver is bound to current thread: 1 - let's create a new webdriver
[Test worker] INFO com.codeborne.selenide.impl.FileHelper - Creating folder: C:\Users\Ольга\IdeaProjects\demoQa\build\downloads\1701354953543_5060_1
[Test worker] INFO com.codeborne.selenide.webdriver.SelenideNettyClientFactory - Changed readTimeout from PT3M to PT1M30S
[Test worker] INFO com.codeborne.selenide.webdriver.SelenideNettyClientFactory - Changed readTimeout from PT3M to PT1M30S
нояб. 30, 2023 5:35:57 PM org.openqa.selenium.devtools.CdpVersionFinder findNearestMatch
WARNING: Unable to find an exact match for CDP version 119, so returning the closest version found: 115
[Test worker] INFO com.codeborne.selenide.webdriver.WebDriverFactory - BrowserName=chrome Version=119.0.6045.161 Platform=windows
[Test worker] INFO com.codeborne.selenide.webdriver.WebDriverFactory - Selenide v. 6.17.1
[Test worker] INFO com.codeborne.selenide.webdriver.WebDriverFactory - Selenium WebDriver v. 4.11.0 build revision: 040bc5406b
[Test worker] INFO com.codeborne.selenide.drivercommands.CreateDriverCommand - Created webdriver in thread 1: ChromeDriver -> ChromeDriver: chrome on windows (f18bd34f57bea8f8bc579187c0802b88)
[Test worker] INFO com.codeborne.selenide.drivercommands.DisposablesRegistry - Register WebDriverInstance[config=StaticConfig,webDriver=ChromeDriver: chrome on windows (f18bd34f57bea8f8bc579187c0802b88),proxy=null,downloadsFolder=C:\Users\Ольга\IdeaProjects\demoQa\build\downloads\1701354953543_5060_1] in 1 [size=1]
[Test worker] INFO com.codeborne.selenide.drivercommands.DisposablesRegistry - Add shutdown hook in 1 [size=1]
]]></system-err>
</testsuite>
